<?xml version="1.0" encoding="UTF-8"?>
<testsuite xmlns:xsi="http://www.w3.org/2001/XMLSchema-instance" xsi:noNamespaceSchemaLocation="https://maven.apache.org/surefire/maven-surefire-plugin/xsd/surefire-test-report-3.0.xsd" version="3.0" name="com.management.system.ManagementSystemApplicationTests" time="20.02" tests="1" errors="0" skipped="0" failures="0">
  <properties>
[...]
</properties>
  <testcase name="contextLoads" classname="com.management.system.ManagementSystemApplicationTests" time="0.751">
    <system-out><![CDATA[20:35:01.464 [main] INFO org.springframework.test.context.support.AnnotationConfigContextLoaderUtils -- Could not detect default configuration classes for test class [com.management.system.ManagementSystemApplicationTests]: ManagementSystemApplicationTests does not declare any static, non-private, non-final, nested classes annotated with @Configuration.
20:35:01.660 [main] INFO org.springframework.boot.test.context.SpringBootTestContextBootstrapper -- Found @SpringBootConfiguration com.management.system.ManagementSystemApplication for test class com.management.system.ManagementSystemApplicationTests
20:35:02.216 [main] INFO org.springframework.boot.devtools.restart.RestartApplicationListener -- Restart disabled due to context in which it is running
  .   ____          _            __ _ _
 /\\ / ___'_ __ _ _(_)_ __  __ _ \ \ \ \
( ( )\___ | '_ | '_| | '_ \/ _` | \ \ \ \
 \\/  ___)| |_)| | | | | || (_| |  ) ) ) )
  '  |____| .__|_| |_|_| |_\__, | / / / /
 =========|_|==============|___/=/_/_/_/

 :: Spring Boot ::                (v3.3.0)

2024-07-25T20:35:02.661+05:30  WARN 3076 --- [Management System] [           main] ory$DuplicateJsonObjectContextCustomizer : 

Found multiple occurrences of org.json.JSONObject on the class path:

	jar:file:/C:/Users/Lenovo/.m2/repository/com/vaadin/external/google/android-json/0.0.20131108.vaadin1/android-json-0.0.20131108.vaadin1.jar!/org/json/JSONObject.class
	jar:file:/C:/Users/Lenovo/.m2/repository/org/json/json/20180130/json-20180130.jar!/org/json/JSONObject.class

You may wish to exclude one of them to ensure predictable runtime behavior

2024-07-25T20:35:02.698+05:30  INFO 3076 --- [Management System] [           main] c.m.s.ManagementSystemApplicationTests   : Starting ManagementSystemApplicationTests using Java 17.0.6 with PID 3076 (started by Lenovo in E:\2024\Workspace\Files\Backend\daas-backend)
2024-07-25T20:35:02.700+05:30  INFO 3076 --- [Management System] [           main] c.m.s.ManagementSystemApplicationTests   : No active profile set, falling back to 1 default profile: "default"
2024-07-25T20:35:02.763+05:30 DEBUG 3076 --- [Management System] [           main] o.s.w.c.s.GenericWebApplicationContext   : Refreshing org.springframework.web.context.support.GenericWebApplicationContext@f973499
2024-07-25T20:35:04.995+05:30  INFO 3076 --- [Management System] [           main] .s.d.r.c.RepositoryConfigurationDelegate : Bootstrapping Spring Data JPA repositories in DEFAULT mode.
2024-07-25T20:35:05.129+05:30  INFO 3076 --- [Management System] [           main] .s.d.r.c.RepositoryConfigurationDelegate : Finished Spring Data repository scanning in 119 ms. Found 4 JPA repository interfaces.
2024-07-25T20:35:06.399+05:30  INFO 3076 --- [Management System] [           main] o.hibernate.jpa.internal.util.LogHelper  : HHH000204: Processing PersistenceUnitInfo [name: default]
2024-07-25T20:35:06.495+05:30  INFO 3076 --- [Management System] [           main] org.hibernate.Version                    : HHH000412: Hibernate ORM core version 6.5.2.Final
2024-07-25T20:35:06.563+05:30  INFO 3076 --- [Management System] [           main] o.h.c.internal.RegionFactoryInitiator    : HHH000026: Second-level cache disabled
2024-07-25T20:35:07.137+05:30  INFO 3076 --- [Management System] [           main] o.s.o.j.p.SpringPersistenceUnitInfo      : No LoadTimeWeaver setup: ignoring JPA class transformer
2024-07-25T20:35:07.187+05:30  INFO 3076 --- [Management System] [           main] com.zaxxer.hikari.HikariDataSource       : HikariPool-1 - Starting...
2024-07-25T20:35:09.967+05:30  INFO 3076 --- [Management System] [           main] com.zaxxer.hikari.pool.HikariPool        : HikariPool-1 - Added connection com.mysql.cj.jdbc.ConnectionImpl@f98cff
2024-07-25T20:35:09.970+05:30  INFO 3076 --- [Management System] [           main] com.zaxxer.hikari.HikariDataSource       : HikariPool-1 - Start completed.
2024-07-25T20:35:11.835+05:30  INFO 3076 --- [Management System] [           main] o.h.e.t.j.p.i.JtaPlatformInitiator       : HHH000489: No JTA platform available (set 'hibernate.transaction.jta.platform' to enable JTA platform integration)
2024-07-25T20:35:13.024+05:30  INFO 3076 --- [Management System] [           main] j.LocalContainerEntityManagerFactoryBean : Initialized JPA EntityManagerFactory for persistence unit 'default'
2024-07-25T20:35:13.632+05:30  INFO 3076 --- [Management System] [           main] o.s.d.j.r.query.QueryEnhancerFactory     : Hibernate is in classpath; If applicable, HQL parser will be used.
2024-07-25T20:35:14.557+05:30  INFO 3076 --- [Management System] [           main] eAuthenticationProviderManagerConfigurer : Global AuthenticationManager configured with AuthenticationProvider bean with name authenticationProvider
2024-07-25T20:35:15.445+05:30 TRACE 3076 --- [Management System] [           main] o.s.w.s.s.s.WebSocketHandlerMapping      : Mapped [/ws/**] onto org.springframework.web.socket.sockjs.support.SockJsHttpRequestHandler@22f34197
2024-07-25T20:35:15.445+05:30 DEBUG 3076 --- [Management System] [           main] o.s.w.s.s.s.WebSocketHandlerMapping      : Patterns [/ws/**] in 'stompWebSocketHandlerMapping'
2024-07-25T20:35:15.630+05:30 DEBUG 3076 --- [Management System] [           main] s.w.s.m.m.a.RequestMappingHandlerMapping : 31 mappings in 'requestMappingHandlerMapping'
2024-07-25T20:35:17.570+05:30 DEBUG 3076 --- [Management System] [           main] o.s.w.s.handler.SimpleUrlHandlerMapping  : Patterns [/webjars/**, /**, /swagger-ui*/*swagger-initializer.js, /swagger-ui*/**] in 'resourceHandlerMapping'
2024-07-25T20:35:18.142+05:30  INFO 3076 --- [Management System] [           main] o.s.b.a.e.web.EndpointLinksResolver      : Exposing 1 endpoint beneath base path '/actuator'
2024-07-25T20:35:18.304+05:30  INFO 3076 --- [Management System] [           main] o.s.s.web.DefaultSecurityFilterChain     : Will secure any request with [org.springframework.security.web.session.DisableEncodeUrlFilter@510d8c03, org.springframework.security.web.context.request.async.WebAsyncManagerIntegrationFilter@592e1c4f, org.springframework.security.web.context.SecurityContextHolderFilter@7ff4f301, org.springframework.security.web.header.HeaderWriterFilter@4ce6f39e, org.springframework.web.filter.CorsFilter@d931617, org.springframework.security.web.authentication.logout.LogoutFilter@79dba8fc, com.management.system.config.JwtAuthenticationFilter@5d81bc79, org.springframework.security.web.savedrequest.RequestCacheAwareFilter@fec48ec, org.springframework.security.web.servletapi.SecurityContextHolderAwareRequestFilter@1b8117f4, org.springframework.security.web.authentication.AnonymousAuthenticationFilter@47786165, org.springframework.security.web.session.SessionManagementFilter@6de7c6bd, org.springframework.security.web.access.ExceptionTranslationFilter@2ed34811, org.springframework.security.web.access.intercept.AuthorizationFilter@241e03cc]
2024-07-25T20:35:18.430+05:30 TRACE 3076 --- [Management System] [           main] .WebSocketAnnotationMethodMessageHandler : Looking for @MessageExceptionHandler mappings: org.springframework.web.context.support.GenericWebApplicationContext@f973499, started on Thu Jul 25 20:35:02 IST 2024
2024-07-25T20:35:18.458+05:30 DEBUG 3076 --- [Management System] [           main] .WebSocketAnnotationMethodMessageHandler : 
	c.m.s.c.AdminController:
	
2024-07-25T20:35:18.459+05:30 DEBUG 3076 --- [Management System] [           main] .WebSocketAnnotationMethodMessageHandler : 
	c.m.s.c.AuthenticationController:
	
2024-07-25T20:35:18.460+05:30 DEBUG 3076 --- [Management System] [           main] .WebSocketAnnotationMethodMessageHandler : 
	c.m.s.c.DocumentController:
	
2024-07-25T20:35:18.460+05:30 DEBUG 3076 --- [Management System] [           main] .WebSocketAnnotationMethodMessageHandler : 
	c.m.s.c.EmployeeController:
	
2024-07-25T20:35:18.460+05:30 DEBUG 3076 --- [Management System] [           main] .WebSocketAnnotationMethodMessageHandler : 
	c.m.s.c.PaymentGatewayController:
	
2024-07-25T20:35:18.461+05:30 DEBUG 3076 --- [Management System] [           main] .WebSocketAnnotationMethodMessageHandler : 
	c.m.s.c.UserController:
	
2024-07-25T20:35:18.462+05:30 DEBUG 3076 --- [Management System] [           main] .WebSocketAnnotationMethodMessageHandler : 
	o.s.b.a.w.s.e.BasicErrorController:
	
2024-07-25T20:35:18.463+05:30 DEBUG 3076 --- [Management System] [           main] .WebSocketAnnotationMethodMessageHandler : 
	o.s.w.a.OpenApiWebMvcResource:
	
2024-07-25T20:35:18.463+05:30 DEBUG 3076 --- [Management System] [           main] .WebSocketAnnotationMethodMessageHandler : 
	o.s.w.u.SwaggerWelcomeWebMvc:
	
2024-07-25T20:35:18.463+05:30 DEBUG 3076 --- [Management System] [           main] .WebSocketAnnotationMethodMessageHandler : 
	o.s.w.u.SwaggerConfigResource:
	
2024-07-25T20:35:18.899+05:30 DEBUG 3076 --- [Management System] [           main] s.w.s.m.m.a.RequestMappingHandlerAdapter : ControllerAdvice beans: 0 @ModelAttribute, 0 @InitBinder, 1 RequestBodyAdvice, 1 ResponseBodyAdvice
2024-07-25T20:35:18.986+05:30 DEBUG 3076 --- [Management System] [           main] .m.m.a.ExceptionHandlerExceptionResolver : ControllerAdvice beans: 2 @ExceptionHandler, 1 ResponseBodyAdvice
2024-07-25T20:35:19.638+05:30 DEBUG 3076 --- [Management System] [           main] o.s.m.s.ExecutorSubscribableChannel      : clientOutboundChannel added SubProtocolWebSocketHandler[StompSubProtocolHandler[v10.stomp, v11.stomp, v12.stomp]]
2024-07-25T20:35:19.640+05:30 DEBUG 3076 --- [Management System] [           main] o.s.m.s.ExecutorSubscribableChannel      : clientInboundChannel added WebSocketAnnotationMethodMessageHandler[prefixes=[/app/]]
2024-07-25T20:35:19.641+05:30  INFO 3076 --- [Management System] [           main] o.s.m.s.b.SimpleBrokerMessageHandler     : Starting...
2024-07-25T20:35:19.641+05:30 DEBUG 3076 --- [Management System] [           main] o.s.m.s.ExecutorSubscribableChannel      : clientInboundChannel added SimpleBrokerMessageHandler [org.springframework.messaging.simp.broker.DefaultSubscriptionRegistry@39613474]
2024-07-25T20:35:19.642+05:30 DEBUG 3076 --- [Management System] [           main] o.s.m.s.ExecutorSubscribableChannel      : brokerChannel added SimpleBrokerMessageHandler [org.springframework.messaging.simp.broker.DefaultSubscriptionRegistry@39613474]
2024-07-25T20:35:19.643+05:30  INFO 3076 --- [Management System] [           main] o.s.m.s.b.SimpleBrokerMessageHandler     : BrokerAvailabilityEvent[available=true, SimpleBrokerMessageHandler [org.springframework.messaging.simp.broker.DefaultSubscriptionRegistry@39613474]]
2024-07-25T20:35:19.644+05:30  INFO 3076 --- [Management System] [           main] o.s.m.s.b.SimpleBrokerMessageHandler     : Started.
2024-07-25T20:35:19.645+05:30 DEBUG 3076 --- [Management System] [           main] o.s.m.s.ExecutorSubscribableChannel      : clientInboundChannel added UserDestinationMessageHandler[DefaultUserDestinationResolver[prefix=/user/]]
2024-07-25T20:35:19.646+05:30 DEBUG 3076 --- [Management System] [           main] o.s.m.s.ExecutorSubscribableChannel      : brokerChannel added UserDestinationMessageHandler[DefaultUserDestinationResolver[prefix=/user/]]
2024-07-25T20:35:19.668+05:30  INFO 3076 --- [Management System] [           main] c.m.s.ManagementSystemApplicationTests   : Started ManagementSystemApplicationTests in 17.481 seconds (process running for 19.387)
]]></system-out>
  </testcase>
</testsuite>